Using pre-set license
Built from '2020.3/staging' branch; Version is '2020.3.19f1 (68f137dc9bbe) revision 6877495'; Using compiler version '192528614'; Build Type 'Release'
OS: 'Windows 10 Pro; OS build 19042.1586; Version 2009; 64bit' Language: 'ru' Physical Memory: 16335 MB
BatchMode: 1, IsHumanControllingUs: 0, StartBugReporterOnCrash: 0, Is64bit: 1, IsPro: 0

COMMAND LINE ARGUMENTS:
H:\Program Files\Unity\2020.3.19f1\Editor\Unity.exe
-adb2
-batchMode
-noUpm
-name
AssetImportWorker0
-projectPath
C:/Users/ILONA/Documents/GitHub/TaleVer2
-logFile
Logs/AssetImportWorker0.log
-srvPort
64653
Successfully changed project path to: C:/Users/ILONA/Documents/GitHub/TaleVer2
C:/Users/ILONA/Documents/GitHub/TaleVer2
Using Asset Import Pipeline V2.
Refreshing native plugins compatible for Editor in 84.40 ms, found 3 plugins.
Preloading 0 native plugins for Editor in 0.00 ms.
Initialize engine version: 2020.3.19f1 (68f137dc9bbe)
[Subsystems] Discovering subsystems at path H:/Program Files/Unity/2020.3.19f1/Editor/Data/Resources/UnitySubsystems
[Subsystems] Discovering subsystems at path C:/Users/ILONA/Documents/GitHub/TaleVer2/Assets
GfxDevice: creating device client; threaded=0
Direct3D:
    Version:  Direct3D 11.0 [level 11.1]
    Renderer: NVIDIA GeForce GTX 1060 6GB (ID=0x1c03)
    Vendor:   
    VRAM:     6052 MB
    Driver:   30.0.14.7212
Initialize mono
Mono path[0] = 'H:/Program Files/Unity/2020.3.19f1/Editor/Data/Managed'
Mono path[1] = 'H:/Program Files/Unity/2020.3.19f1/Editor/Data/MonoBleedingEdge/lib/mono/unityjit'
Mono config path = 'H:/Program Files/Unity/2020.3.19f1/Editor/Data/MonoBleedingEdge/etc'
Using monoOptions --debugger-agent=transport=dt_socket,embedding=1,server=y,suspend=n,address=127.0.0.1:56568
Begin MonoManager ReloadAssembly
Registering precompiled unity dll's ...
Register platform support module: H:/Program Files/Unity/2020.3.19f1/Editor/Data/PlaybackEngines/WindowsStandaloneSupport/UnityEditor.WindowsStandalone.Extensions.dll
Registered in 0.001378 seconds.
Native extension for WindowsStandalone target not found
Refreshing native plugins compatible for Editor in 87.84 ms, found 3 plugins.
Preloading 0 native plugins for Editor in 0.00 ms.
Mono: successfully reloaded assembly
- Completed reload, in  1.115 seconds
Domain Reload Profiling:
	ReloadAssembly (1115ms)
		BeginReloadAssembly (52ms)
			ExecutionOrderSort (0ms)
			DisableScriptedObjects (0ms)
			BackupInstance (0ms)
			ReleaseScriptingObjects (0ms)
			CreateAndSetChildDomain (1ms)
		EndReloadAssembly (479ms)
			LoadAssemblies (51ms)
			RebuildTransferFunctionScriptingTraits (0ms)
			SetupTypeCache (159ms)
			ReleaseScriptCaches (0ms)
			RebuildScriptCaches (28ms)
			SetupLoadedEditorAssemblies (223ms)
				LogAssemblyErrors (0ms)
				InitializePlatformSupportModulesInManaged (4ms)
				SetLoadedEditorAssemblies (0ms)
				RefreshPlugins (88ms)
				BeforeProcessingInitializeOnLoad (17ms)
				ProcessInitializeOnLoadAttributes (84ms)
				ProcessInitializeOnLoadMethodAttributes (29ms)
				AfterProcessingInitializeOnLoad (0ms)
				EditorAssembliesLoaded (0ms)
			ExecutionOrderSort2 (0ms)
			AwakeInstancesAfterBackupRestoration (0ms)
Platform modules already initialized, skipping
Registering precompiled user dll's ...
Registered in 0.004282 seconds.
Begin MonoManager ReloadAssembly
Native extension for WindowsStandalone target not found
Refreshing native plugins compatible for Editor in 84.97 ms, found 3 plugins.
Preloading 0 native plugins for Editor in 0.00 ms.
Mono: successfully reloaded assembly
- Completed reload, in  1.291 seconds
Domain Reload Profiling:
	ReloadAssembly (1292ms)
		BeginReloadAssembly (146ms)
			ExecutionOrderSort (0ms)
			DisableScriptedObjects (5ms)
			BackupInstance (0ms)
			ReleaseScriptingObjects (0ms)
			CreateAndSetChildDomain (18ms)
		EndReloadAssembly (1077ms)
			LoadAssemblies (97ms)
			RebuildTransferFunctionScriptingTraits (0ms)
			SetupTypeCache (350ms)
			ReleaseScriptCaches (1ms)
			RebuildScriptCaches (65ms)
			SetupLoadedEditorAssemblies (434ms)
				LogAssemblyErrors (0ms)
				InitializePlatformSupportModulesInManaged (4ms)
				SetLoadedEditorAssemblies (0ms)
				RefreshPlugins (85ms)
				BeforeProcessingInitializeOnLoad (101ms)
				ProcessInitializeOnLoadAttributes (227ms)
				ProcessInitializeOnLoadMethodAttributes (13ms)
				AfterProcessingInitializeOnLoad (3ms)
				EditorAssembliesLoaded (0ms)
			ExecutionOrderSort2 (0ms)
			AwakeInstancesAfterBackupRestoration (7ms)
Platform modules already initialized, skipping
========================================================================
Worker process is ready to serve import requests
Launched and connected shader compiler UnityShaderCompiler.exe after 0.05 seconds
Refreshing native plugins compatible for Editor in 0.81 ms, found 3 plugins.
Preloading 0 native plugins for Editor in 0.00 ms.
Unloading 3606 Unused Serialized files (Serialized files now loaded: 0)
System memory in use before: 158.5 MB.
System memory in use after: 158.7 MB.

Unloading 28 unused Assets to reduce memory usage. Loaded Objects now: 4045.
Total: 3.725400 ms (FindLiveObjects: 0.344500 ms CreateObjectMapping: 0.094800 ms MarkObjects: 3.197000 ms  DeleteObjects: 0.087700 ms)

AssetImportParameters requested are different than current active one (requested -> active):
  custom:framework-win-MediaFoundation: 216162199b28c13a410421893ffa2e32 -> 
  custom:video-decoder-ogg-theora: a1e56fd34408186e4bbccfd4996cb3dc -> 
  custom:container-muxer-webm: aa71ff27fc2769a1b78a27578f13a17b -> 
  custom:container-demuxer-webm: 4f35f7cbe854078d1ac9338744f61a02 -> 
  custom:container-demuxer-ogg: 62fdf1f143b41e24485cea50d1cbac27 -> 
  custom:video-encoder-webm-vp8: eb34c28f22e8b96e1ab97ce403110664 -> 
  custom:video-decoder-webm-vp8: 9c59270c3fd7afecdb556c50c9e8de78 -> 
  custom:audio-decoder-ogg-vorbis: bf7c407c2cedff20999df2af8eb42d56 -> 
  custom:audio-encoder-webm-vorbis: bf7c407c2cedff20999df2af8eb42d56 -> 
========================================================================
Received Import Request.
  path: Assets/Prefab
  artifactKey: Guid(9848c376558f33c4e829c4e374da4995) Importer(815301076,1909f56bfc062723c751e8b465ee728b)
Start importing Assets/Prefab using Guid(9848c376558f33c4e829c4e374da4995) Importer(815301076,1909f56bfc062723c751e8b465ee728b)  -> (artifact id: '7a17a628840cfab0701555a750a30d43') in 0.017920 seconds 
  Import took 0.023426 seconds .

========================================================================
Received Prepare
Refreshing native plugins compatible for Editor in 4.18 ms, found 3 plugins.
Preloading 0 native plugins for Editor in 0.00 ms.
Unloading 13 Unused Serialized files (Serialized files now loaded: 0)
System memory in use before: 78.8 MB.
System memory in use after: 79.0 MB.

Unloading 13 unused Assets to reduce memory usage. Loaded Objects now: 4045.
Total: 4.083900 ms (FindLiveObjects: 0.327800 ms CreateObjectMapping: 0.091200 ms MarkObjects: 3.636800 ms  DeleteObjects: 0.026900 ms)

AssetImportParameters requested are different than current active one (requested -> active):
  custom:framework-win-MediaFoundation: 216162199b28c13a410421893ffa2e32 -> 
  custom:video-decoder-ogg-theora: a1e56fd34408186e4bbccfd4996cb3dc -> 
  custom:container-muxer-webm: aa71ff27fc2769a1b78a27578f13a17b -> 
  custom:container-demuxer-webm: 4f35f7cbe854078d1ac9338744f61a02 -> 
  custom:container-demuxer-ogg: 62fdf1f143b41e24485cea50d1cbac27 -> 
  custom:video-encoder-webm-vp8: eb34c28f22e8b96e1ab97ce403110664 -> 
  custom:video-decoder-webm-vp8: 9c59270c3fd7afecdb556c50c9e8de78 -> 
  custom:audio-decoder-ogg-vorbis: bf7c407c2cedff20999df2af8eb42d56 -> 
  custom:audio-encoder-webm-vorbis: bf7c407c2cedff20999df2af8eb42d56 -> 
========================================================================
Received Import Request.
  Time since last request: 14.397811 seconds.
  path: Assets/Prefab/CodeRequired.prefab
  artifactKey: Guid(614b933858a92f342b983f688f802406) Importer(815301076,1909f56bfc062723c751e8b465ee728b)
Start importing Assets/Prefab/CodeRequired.prefab using Guid(614b933858a92f342b983f688f802406) Importer(815301076,1909f56bfc062723c751e8b465ee728b)  -> (artifact id: '6b9c18bff3c085dedc5b3daad1502812') in 0.062165 seconds 
  Import took 0.067493 seconds .

========================================================================
Received Import Request.
  Time since last request: 6.770174 seconds.
  path: Assets/Prefab/CodeRequired.prefab
  artifactKey: Guid(614b933858a92f342b983f688f802406) Importer(815301076,1909f56bfc062723c751e8b465ee728b)
Start importing Assets/Prefab/CodeRequired.prefab using Guid(614b933858a92f342b983f688f802406) Importer(815301076,1909f56bfc062723c751e8b465ee728b)  -> (artifact id: 'd4cbcaa308289a2d1394c7e72f369993') in 0.006154 seconds 
  Import took 0.011923 seconds .

========================================================================
Received Import Request.
  Time since last request: 1.614383 seconds.
  path: Assets/Sprites/Decorations/Spider.png
  artifactKey: Guid(37e58960bd22f344aa57d1981ca4736b) Importer(815301076,1909f56bfc062723c751e8b465ee728b)
Start importing Assets/Sprites/Decorations/Spider.png using Guid(37e58960bd22f344aa57d1981ca4736b) Importer(815301076,1909f56bfc062723c751e8b465ee728b)  -> (artifact id: 'ed710fd247ce974ab1565763a06a1b31') in 0.074903 seconds 
  Import took 0.080995 seconds .

========================================================================
Received Import Request.
  Time since last request: 0.000245 seconds.
  path: Assets/Sprites/Decorations/653507d8c876580f.png
  artifactKey: Guid(76d848153c4c58d4c9273d74f98cf46f) Importer(815301076,1909f56bfc062723c751e8b465ee728b)
Start importing Assets/Sprites/Decorations/653507d8c876580f.png using Guid(76d848153c4c58d4c9273d74f98cf46f) Importer(815301076,1909f56bfc062723c751e8b465ee728b)  -> (artifact id: 'b1fc96c9a5486e8b9887516b6960ab30') in 0.021145 seconds 
  Import took 0.026660 seconds .

========================================================================
Received Import Request.
  Time since last request: 0.000315 seconds.
  path: Assets/Sprites/Characters/MainCharacter/IdleSprites/backIdle.png
  artifactKey: Guid(26b014a3242d0bd4db5d0794db1cbb5e) Importer(815301076,1909f56bfc062723c751e8b465ee728b)
Start importing Assets/Sprites/Characters/MainCharacter/IdleSprites/backIdle.png using Guid(26b014a3242d0bd4db5d0794db1cbb5e) Importer(815301076,1909f56bfc062723c751e8b465ee728b)  -> (artifact id: '179b36697b814125c03ccac28cdfa4b0') in 0.028694 seconds 
  Import took 0.034219 seconds .

========================================================================
Received Import Request.
  Time since last request: 1.371550 seconds.
  path: Assets/Sprites/Castle/Furniture/Old/barrel.png
  artifactKey: Guid(52c5815ab1fc9784d92fae4064d396b4) Importer(815301076,1909f56bfc062723c751e8b465ee728b)
Start importing Assets/Sprites/Castle/Furniture/Old/barrel.png using Guid(52c5815ab1fc9784d92fae4064d396b4) Importer(815301076,1909f56bfc062723c751e8b465ee728b)  -> (artifact id: 'd07da41b753b3cf6b13538fb7485a8da') in 0.020086 seconds 
  Import took 0.025650 seconds .

========================================================================
Received Import Request.
  Time since last request: 0.000264 seconds.
  path: Assets/Sprites/Decorations/barrel.png
  artifactKey: Guid(c0a0ed7f53bc4104ebe7ccc335c18065) Importer(815301076,1909f56bfc062723c751e8b465ee728b)
Start importing Assets/Sprites/Decorations/barrel.png using Guid(c0a0ed7f53bc4104ebe7ccc335c18065) Importer(815301076,1909f56bfc062723c751e8b465ee728b)  -> (artifact id: 'c2d132ec495af781d1c1a3b48728e77b') in 0.015634 seconds 
  Import took 0.021298 seconds .

========================================================================
Received Import Request.
  Time since last request: 0.327539 seconds.
  path: Assets/Sprites/Castle/Furniture/Old/between-arch.png
  artifactKey: Guid(955676b705ad8444c8b8706efb8f1d1e) Importer(815301076,1909f56bfc062723c751e8b465ee728b)
Start importing Assets/Sprites/Castle/Furniture/Old/between-arch.png using Guid(955676b705ad8444c8b8706efb8f1d1e) Importer(815301076,1909f56bfc062723c751e8b465ee728b)  -> (artifact id: '71fef594ef1ef151bc1744957145314e') in 0.019611 seconds 
  Import took 0.025409 seconds .

========================================================================
Received Import Request.
  Time since last request: 0.244784 seconds.
  path: Assets/Sprites/Castle/Walls/black-square.png
  artifactKey: Guid(271677d4b0434fb4fb3b2e06c0c623e0) Importer(815301076,1909f56bfc062723c751e8b465ee728b)
Start importing Assets/Sprites/Castle/Walls/black-square.png using Guid(271677d4b0434fb4fb3b2e06c0c623e0) Importer(815301076,1909f56bfc062723c751e8b465ee728b)  -> (artifact id: 'f1b20026629c610f16998e4ddad4c16d') in 0.019880 seconds 
  Import took 0.025595 seconds .

========================================================================
Received Import Request.
  Time since last request: 55.849511 seconds.
  path: Assets/Prefab/CodeRequired.prefab
  artifactKey: Guid(614b933858a92f342b983f688f802406) Importer(815301076,1909f56bfc062723c751e8b465ee728b)
Start importing Assets/Prefab/CodeRequired.prefab using Guid(614b933858a92f342b983f688f802406) Importer(815301076,1909f56bfc062723c751e8b465ee728b)  -> (artifact id: '608cf0a04fca514700e63f8f7dc5b2b3') in 0.144200 seconds 
  Import took 0.149785 seconds .

========================================================================
Received Import Request.
  Time since last request: 42.560881 seconds.
  path: Assets/Prefab/Furniture
  artifactKey: Guid(9ecff6fab2956f746ad4edc80a1f69fe) Importer(815301076,1909f56bfc062723c751e8b465ee728b)
Start importing Assets/Prefab/Furniture using Guid(9ecff6fab2956f746ad4edc80a1f69fe) Importer(815301076,1909f56bfc062723c751e8b465ee728b)  -> (artifact id: '0c55923116f96dc65174b466167b9270') in 0.008108 seconds 
  Import took 0.013740 seconds .

========================================================================
Received Prepare
Registering precompiled user dll's ...
Registered in 0.004335 seconds.
Begin MonoManager ReloadAssembly
Native extension for WindowsStandalone target not found
Refreshing native plugins compatible for Editor in 0.86 ms, found 3 plugins.
Preloading 0 native plugins for Editor in 0.00 ms.
Mono: successfully reloaded assembly
- Completed reload, in  1.259 seconds
Domain Reload Profiling:
	ReloadAssembly (1260ms)
		BeginReloadAssembly (143ms)
			ExecutionOrderSort (0ms)
			DisableScriptedObjects (9ms)
			BackupInstance (0ms)
			ReleaseScriptingObjects (0ms)
			CreateAndSetChildDomain (48ms)
		EndReloadAssembly (1049ms)
			LoadAssemblies (100ms)
			RebuildTransferFunctionScriptingTraits (0ms)
			SetupTypeCache (386ms)
			ReleaseScriptCaches (2ms)
			RebuildScriptCaches (52ms)
			SetupLoadedEditorAssemblies (340ms)
				LogAssemblyErrors (0ms)
				InitializePlatformSupportModulesInManaged (4ms)
				SetLoadedEditorAssemblies (1ms)
				RefreshPlugins (1ms)
				BeforeProcessingInitializeOnLoad (99ms)
				ProcessInitializeOnLoadAttributes (226ms)
				ProcessInitializeOnLoadMethodAttributes (6ms)
				AfterProcessingInitializeOnLoad (3ms)
				EditorAssembliesLoaded (0ms)
			ExecutionOrderSort2 (0ms)
			AwakeInstancesAfterBackupRestoration (21ms)
Platform modules already initialized, skipping
Refreshing native plugins compatible for Editor in 0.84 ms, found 3 plugins.
Preloading 0 native plugins for Editor in 0.00 ms.
Unloading 3450 Unused Serialized files (Serialized files now loaded: 0)
System memory in use before: 152.1 MB.
System memory in use after: 152.3 MB.

Unloading 16 unused Assets to reduce memory usage. Loaded Objects now: 4108.
Total: 3.783100 ms (FindLiveObjects: 0.338600 ms CreateObjectMapping: 0.092400 ms MarkObjects: 3.333200 ms  DeleteObjects: 0.017700 ms)

AssetImportParameters requested are different than current active one (requested -> active):
  custom:framework-win-MediaFoundation: 216162199b28c13a410421893ffa2e32 -> 
  custom:video-decoder-ogg-theora: a1e56fd34408186e4bbccfd4996cb3dc -> 
  custom:container-muxer-webm: aa71ff27fc2769a1b78a27578f13a17b -> 
  custom:container-demuxer-webm: 4f35f7cbe854078d1ac9338744f61a02 -> 
  custom:container-demuxer-ogg: 62fdf1f143b41e24485cea50d1cbac27 -> 
  custom:video-encoder-webm-vp8: eb34c28f22e8b96e1ab97ce403110664 -> 
  custom:video-decoder-webm-vp8: 9c59270c3fd7afecdb556c50c9e8de78 -> 
  custom:audio-decoder-ogg-vorbis: bf7c407c2cedff20999df2af8eb42d56 -> 
  custom:audio-encoder-webm-vorbis: bf7c407c2cedff20999df2af8eb42d56 -> 
========================================================================
Received Import Request.
  Time since last request: 25.834551 seconds.
  path: Assets/Prefab/Furniture/Seat3.prefab
  artifactKey: Guid(65323c908e471254cbe1f11f14784a5e) Importer(815301076,1909f56bfc062723c751e8b465ee728b)
Start importing Assets/Prefab/Furniture/Seat3.prefab using Guid(65323c908e471254cbe1f11f14784a5e) Importer(815301076,1909f56bfc062723c751e8b465ee728b)  -> (artifact id: 'ac9f6aebaee7a78b7e827e8a0a21157e') in 0.173598 seconds 
  Import took 0.180414 seconds .

========================================================================
Received Import Request.
  Time since last request: 1.384362 seconds.
  path: Assets/Sprites/Castle/Furniture/furniture pack.png
  artifactKey: Guid(7718b73bf997f3043be9ffde12b78b3b) Importer(815301076,1909f56bfc062723c751e8b465ee728b)
Start importing Assets/Sprites/Castle/Furniture/furniture pack.png using Guid(7718b73bf997f3043be9ffde12b78b3b) Importer(815301076,1909f56bfc062723c751e8b465ee728b)  -> (artifact id: 'd5ca2c8c9812df6556fff1d439fdf5df') in 0.075910 seconds 
  Import took 0.081431 seconds .

========================================================================
Received Prepare
Registering precompiled user dll's ...
Registered in 0.004999 seconds.
Begin MonoManager ReloadAssembly
Native extension for WindowsStandalone target not found
Refreshing native plugins compatible for Editor in 0.80 ms, found 3 plugins.
Preloading 0 native plugins for Editor in 0.00 ms.
Mono: successfully reloaded assembly
- Completed reload, in  1.206 seconds
Domain Reload Profiling:
	ReloadAssembly (1206ms)
		BeginReloadAssembly (133ms)
			ExecutionOrderSort (0ms)
			DisableScriptedObjects (8ms)
			BackupInstance (0ms)
			ReleaseScriptingObjects (0ms)
			CreateAndSetChildDomain (44ms)
		EndReloadAssembly (1010ms)
			LoadAssemblies (98ms)
			RebuildTransferFunctionScriptingTraits (0ms)
			SetupTypeCache (354ms)
			ReleaseScriptCaches (1ms)
			RebuildScriptCaches (49ms)
			SetupLoadedEditorAssemblies (337ms)
				LogAssemblyErrors (0ms)
				InitializePlatformSupportModulesInManaged (4ms)
				SetLoadedEditorAssemblies (0ms)
				RefreshPlugins (1ms)
				BeforeProcessingInitializeOnLoad (99ms)
				ProcessInitializeOnLoadAttributes (223ms)
				ProcessInitializeOnLoadMethodAttributes (6ms)
				AfterProcessingInitializeOnLoad (3ms)
				EditorAssembliesLoaded (0ms)
			ExecutionOrderSort2 (0ms)
			AwakeInstancesAfterBackupRestoration (22ms)
Platform modules already initialized, skipping
Refreshing native plugins compatible for Editor in 0.81 ms, found 3 plugins.
Preloading 0 native plugins for Editor in 0.00 ms.
Unloading 3450 Unused Serialized files (Serialized files now loaded: 0)
System memory in use before: 152.3 MB.
System memory in use after: 152.5 MB.

Unloading 16 unused Assets to reduce memory usage. Loaded Objects now: 4176.
Total: 3.971100 ms (FindLiveObjects: 0.354300 ms CreateObjectMapping: 0.092600 ms MarkObjects: 3.501000 ms  DeleteObjects: 0.021900 ms)

AssetImportParameters requested are different than current active one (requested -> active):
  custom:framework-win-MediaFoundation: 216162199b28c13a410421893ffa2e32 -> 
  custom:video-decoder-ogg-theora: a1e56fd34408186e4bbccfd4996cb3dc -> 
  custom:container-muxer-webm: aa71ff27fc2769a1b78a27578f13a17b -> 
  custom:container-demuxer-webm: 4f35f7cbe854078d1ac9338744f61a02 -> 
  custom:container-demuxer-ogg: 62fdf1f143b41e24485cea50d1cbac27 -> 
  custom:video-encoder-webm-vp8: eb34c28f22e8b96e1ab97ce403110664 -> 
  custom:video-decoder-webm-vp8: 9c59270c3fd7afecdb556c50c9e8de78 -> 
  custom:audio-decoder-ogg-vorbis: bf7c407c2cedff20999df2af8eb42d56 -> 
  custom:audio-encoder-webm-vorbis: bf7c407c2cedff20999df2af8eb42d56 -> 
========================================================================
Received Import Request.
  Time since last request: 5.693213 seconds.
  path: Assets/Prefab/Furniture/Seat3.prefab
  artifactKey: Guid(65323c908e471254cbe1f11f14784a5e) Importer(815301076,1909f56bfc062723c751e8b465ee728b)
Start importing Assets/Prefab/Furniture/Seat3.prefab using Guid(65323c908e471254cbe1f11f14784a5e) Importer(815301076,1909f56bfc062723c751e8b465ee728b)  -> (artifact id: 'abc863711f35f875a7bbce1e8d9801e8') in 0.176682 seconds 
  Import took 0.182639 seconds .

========================================================================
Received Prepare
Registering precompiled user dll's ...
Registered in 0.004849 seconds.
Begin MonoManager ReloadAssembly
Native extension for WindowsStandalone target not found
Refreshing native plugins compatible for Editor in 0.82 ms, found 3 plugins.
Preloading 0 native plugins for Editor in 0.00 ms.
Mono: successfully reloaded assembly
- Completed reload, in  1.187 seconds
Domain Reload Profiling:
	ReloadAssembly (1187ms)
		BeginReloadAssembly (123ms)
			ExecutionOrderSort (0ms)
			DisableScriptedObjects (8ms)
			BackupInstance (0ms)
			ReleaseScriptingObjects (0ms)
			CreateAndSetChildDomain (40ms)
		EndReloadAssembly (1000ms)
			LoadAssemblies (102ms)
			RebuildTransferFunctionScriptingTraits (0ms)
			SetupTypeCache (353ms)
			ReleaseScriptCaches (1ms)
			RebuildScriptCaches (50ms)
			SetupLoadedEditorAssemblies (330ms)
				LogAssemblyErrors (0ms)
				InitializePlatformSupportModulesInManaged (4ms)
				SetLoadedEditorAssemblies (0ms)
				RefreshPlugins (1ms)
				BeforeProcessingInitializeOnLoad (95ms)
				ProcessInitializeOnLoadAttributes (221ms)
				ProcessInitializeOnLoadMethodAttributes (6ms)
				AfterProcessingInitializeOnLoad (3ms)
				EditorAssembliesLoaded (0ms)
			ExecutionOrderSort2 (0ms)
			AwakeInstancesAfterBackupRestoration (21ms)
Platform modules already initialized, skipping
Refreshing native plugins compatible for Editor in 0.97 ms, found 3 plugins.
Preloading 0 native plugins for Editor in 0.00 ms.
Unloading 3450 Unused Serialized files (Serialized files now loaded: 0)
System memory in use before: 152.4 MB.
System memory in use after: 152.6 MB.

Unloading 16 unused Assets to reduce memory usage. Loaded Objects now: 4215.
Total: 4.375800 ms (FindLiveObjects: 0.369500 ms CreateObjectMapping: 0.092600 ms MarkObjects: 3.891800 ms  DeleteObjects: 0.020100 ms)

AssetImportParameters requested are different than current active one (requested -> active):
  custom:framework-win-MediaFoundation: 216162199b28c13a410421893ffa2e32 -> 
  custom:video-decoder-ogg-theora: a1e56fd34408186e4bbccfd4996cb3dc -> 
  custom:container-muxer-webm: aa71ff27fc2769a1b78a27578f13a17b -> 
  custom:container-demuxer-webm: 4f35f7cbe854078d1ac9338744f61a02 -> 
  custom:container-demuxer-ogg: 62fdf1f143b41e24485cea50d1cbac27 -> 
  custom:video-encoder-webm-vp8: eb34c28f22e8b96e1ab97ce403110664 -> 
  custom:video-decoder-webm-vp8: 9c59270c3fd7afecdb556c50c9e8de78 -> 
  custom:audio-decoder-ogg-vorbis: bf7c407c2cedff20999df2af8eb42d56 -> 
  custom:audio-encoder-webm-vorbis: bf7c407c2cedff20999df2af8eb42d56 -> 
========================================================================
Received Import Request.
  Time since last request: 137.578892 seconds.
  path: Assets/Prefab/Death Level Prefabs/Room.prefab
  artifactKey: Guid(118b6209b3388384db6df8fbfa233f1b) Importer(815301076,1909f56bfc062723c751e8b465ee728b)
Start importing Assets/Prefab/Death Level Prefabs/Room.prefab using Guid(118b6209b3388384db6df8fbfa233f1b) Importer(815301076,1909f56bfc062723c751e8b465ee728b)  -> (artifact id: 'a057616d1f4c98bac8884dd0b90e9ef9') in 0.268326 seconds 
  Import took 0.279486 seconds .

========================================================================
Received Import Request.
  Time since last request: 4.302120 seconds.
  path: Assets/Prefab/CodeRequired.prefab
  artifactKey: Guid(614b933858a92f342b983f688f802406) Importer(815301076,1909f56bfc062723c751e8b465ee728b)
Start importing Assets/Prefab/CodeRequired.prefab using Guid(614b933858a92f342b983f688f802406) Importer(815301076,1909f56bfc062723c751e8b465ee728b)  -> (artifact id: '9441f21b76049dc8bd0d80bae8ec05a9') in 0.013003 seconds 
  Import took 0.019613 seconds .

========================================================================
Received Prepare
Registering precompiled user dll's ...
Registered in 0.005558 seconds.
Begin MonoManager ReloadAssembly
Native extension for WindowsStandalone target not found
Refreshing native plugins compatible for Editor in 0.79 ms, found 3 plugins.
Preloading 0 native plugins for Editor in 0.00 ms.
Mono: successfully reloaded assembly
- Completed reload, in  1.163 seconds
Domain Reload Profiling:
	ReloadAssembly (1164ms)
		BeginReloadAssembly (117ms)
			ExecutionOrderSort (0ms)
			DisableScriptedObjects (9ms)
			BackupInstance (0ms)
			ReleaseScriptingObjects (0ms)
			CreateAndSetChildDomain (39ms)
		EndReloadAssembly (981ms)
			LoadAssemblies (98ms)
			RebuildTransferFunctionScriptingTraits (0ms)
			SetupTypeCache (341ms)
			ReleaseScriptCaches (2ms)
			RebuildScriptCaches (48ms)
			SetupLoadedEditorAssemblies (330ms)
				LogAssemblyErrors (0ms)
				InitializePlatformSupportModulesInManaged (4ms)
				SetLoadedEditorAssemblies (0ms)
				RefreshPlugins (1ms)
				BeforeProcessingInitializeOnLoad (96ms)
				ProcessInitializeOnLoadAttributes (219ms)
				ProcessInitializeOnLoadMethodAttributes (6ms)
				AfterProcessingInitializeOnLoad (3ms)
				EditorAssembliesLoaded (0ms)
			ExecutionOrderSort2 (0ms)
			AwakeInstancesAfterBackupRestoration (22ms)
Platform modules already initialized, skipping
Refreshing native plugins compatible for Editor in 0.83 ms, found 3 plugins.
Preloading 0 native plugins for Editor in 0.00 ms.
Unloading 3450 Unused Serialized files (Serialized files now loaded: 0)
System memory in use before: 153.5 MB.
System memory in use after: 153.8 MB.

Unloading 16 unused Assets to reduce memory usage. Loaded Objects now: 4254.
Total: 3.994400 ms (FindLiveObjects: 0.374100 ms CreateObjectMapping: 0.094000 ms MarkObjects: 3.507900 ms  DeleteObjects: 0.017500 ms)

AssetImportParameters requested are different than current active one (requested -> active):
  custom:framework-win-MediaFoundation: 216162199b28c13a410421893ffa2e32 -> 
  custom:video-decoder-ogg-theora: a1e56fd34408186e4bbccfd4996cb3dc -> 
  custom:container-muxer-webm: aa71ff27fc2769a1b78a27578f13a17b -> 
  custom:container-demuxer-webm: 4f35f7cbe854078d1ac9338744f61a02 -> 
  custom:container-demuxer-ogg: 62fdf1f143b41e24485cea50d1cbac27 -> 
  custom:video-encoder-webm-vp8: eb34c28f22e8b96e1ab97ce403110664 -> 
  custom:video-decoder-webm-vp8: 9c59270c3fd7afecdb556c50c9e8de78 -> 
  custom:audio-decoder-ogg-vorbis: bf7c407c2cedff20999df2af8eb42d56 -> 
  custom:audio-encoder-webm-vorbis: bf7c407c2cedff20999df2af8eb42d56 -> 
========================================================================
Received Import Request.
  Time since last request: 34.920646 seconds.
  path: Assets/Prefab/Code.prefab
  artifactKey: Guid(0f31e5f3c0798054a81a3391f7b38222) Importer(815301076,1909f56bfc062723c751e8b465ee728b)
Start importing Assets/Prefab/Code.prefab using Guid(0f31e5f3c0798054a81a3391f7b38222) Importer(815301076,1909f56bfc062723c751e8b465ee728b)  -> (artifact id: 'de3d76f881b02b1c297e2d4e8ce304fb') in 0.035862 seconds 
  Import took 0.041482 seconds .

========================================================================
Received Import Request.
  Time since last request: 8.343731 seconds.
  path: Assets/Prefab/Code.prefab
  artifactKey: Guid(0f31e5f3c0798054a81a3391f7b38222) Importer(815301076,1909f56bfc062723c751e8b465ee728b)
Start importing Assets/Prefab/Code.prefab using Guid(0f31e5f3c0798054a81a3391f7b38222) Importer(815301076,1909f56bfc062723c751e8b465ee728b)  -> (artifact id: 'aff046248bcbed2460c75c406eceb110') in 0.006668 seconds 
  Import took 0.012307 seconds .

========================================================================
Received Import Request.
  Time since last request: 10.616493 seconds.
  path: Assets/Prefab/Code.prefab
  artifactKey: Guid(0f31e5f3c0798054a81a3391f7b38222) Importer(815301076,1909f56bfc062723c751e8b465ee728b)
Start importing Assets/Prefab/Code.prefab using Guid(0f31e5f3c0798054a81a3391f7b38222) Importer(815301076,1909f56bfc062723c751e8b465ee728b)  -> (artifact id: 'baac6d0761360f491ae0b82e0a048279') in 0.142276 seconds 
  Import took 0.148565 seconds .

========================================================================
Received Prepare
Registering precompiled user dll's ...
Registered in 0.004286 seconds.
Begin MonoManager ReloadAssembly
Native extension for WindowsStandalone target not found
Refreshing native plugins compatible for Editor in 0.81 ms, found 3 plugins.
Preloading 0 native plugins for Editor in 0.00 ms.
Mono: successfully reloaded assembly
- Completed reload, in  1.218 seconds
Domain Reload Profiling:
	ReloadAssembly (1219ms)
		BeginReloadAssembly (135ms)
			ExecutionOrderSort (0ms)
			DisableScriptedObjects (11ms)
			BackupInstance (0ms)
			ReleaseScriptingObjects (0ms)
			CreateAndSetChildDomain (42ms)
		EndReloadAssembly (1014ms)
			LoadAssemblies (98ms)
			RebuildTransferFunctionScriptingTraits (0ms)
			SetupTypeCache (352ms)
			ReleaseScriptCaches (1ms)
			RebuildScriptCaches (51ms)
			SetupLoadedEditorAssemblies (344ms)
				LogAssemblyErrors (0ms)
				InitializePlatformSupportModulesInManaged (4ms)
				SetLoadedEditorAssemblies (0ms)
				RefreshPlugins (1ms)
				BeforeProcessingInitializeOnLoad (100ms)
				ProcessInitializeOnLoadAttributes (230ms)
				ProcessInitializeOnLoadMethodAttributes (6ms)
				AfterProcessingInitializeOnLoad (3ms)
				EditorAssembliesLoaded (0ms)
			ExecutionOrderSort2 (0ms)
			AwakeInstancesAfterBackupRestoration (22ms)
Platform modules already initialized, skipping
Refreshing native plugins compatible for Editor in 0.94 ms, found 3 plugins.
Preloading 0 native plugins for Editor in 0.00 ms.
Unloading 3450 Unused Serialized files (Serialized files now loaded: 0)
System memory in use before: 153.6 MB.
System memory in use after: 153.9 MB.

Unloading 16 unused Assets to reduce memory usage. Loaded Objects now: 4293.
Total: 4.451500 ms (FindLiveObjects: 0.403100 ms CreateObjectMapping: 0.106200 ms MarkObjects: 3.911700 ms  DeleteObjects: 0.028700 ms)

AssetImportParameters requested are different than current active one (requested -> active):
  custom:framework-win-MediaFoundation: 216162199b28c13a410421893ffa2e32 -> 
  custom:video-decoder-ogg-theora: a1e56fd34408186e4bbccfd4996cb3dc -> 
  custom:container-muxer-webm: aa71ff27fc2769a1b78a27578f13a17b -> 
  custom:container-demuxer-webm: 4f35f7cbe854078d1ac9338744f61a02 -> 
  custom:container-demuxer-ogg: 62fdf1f143b41e24485cea50d1cbac27 -> 
  custom:video-encoder-webm-vp8: eb34c28f22e8b96e1ab97ce403110664 -> 
  custom:video-decoder-webm-vp8: 9c59270c3fd7afecdb556c50c9e8de78 -> 
  custom:audio-decoder-ogg-vorbis: bf7c407c2cedff20999df2af8eb42d56 -> 
  custom:audio-encoder-webm-vorbis: bf7c407c2cedff20999df2af8eb42d56 -> 
========================================================================
Received Import Request.
  Time since last request: 28.739913 seconds.
  path: Assets/Prefab/Code.prefab
  artifactKey: Guid(0f31e5f3c0798054a81a3391f7b38222) Importer(815301076,1909f56bfc062723c751e8b465ee728b)
Start importing Assets/Prefab/Code.prefab using Guid(0f31e5f3c0798054a81a3391f7b38222) Importer(815301076,1909f56bfc062723c751e8b465ee728b)  -> (artifact id: '9b8b111efbb46a8cca91fc412b408219') in 0.157283 seconds 
  Import took 0.163665 seconds .

========================================================================
Received Import Request.
  Time since last request: 2.423918 seconds.
  path: Assets/Prefab/Code.prefab
  artifactKey: Guid(0f31e5f3c0798054a81a3391f7b38222) Importer(815301076,1909f56bfc062723c751e8b465ee728b)
Start importing Assets/Prefab/Code.prefab using Guid(0f31e5f3c0798054a81a3391f7b38222) Importer(815301076,1909f56bfc062723c751e8b465ee728b)  -> (artifact id: 'c8a3f71ac81fbff8ad24685bad5cdf79') in 0.011882 seconds 
  Import took 0.017833 seconds .

========================================================================
Received Import Request.
  Time since last request: 3.618634 seconds.
  path: Assets/Prefab/Code.prefab
  artifactKey: Guid(0f31e5f3c0798054a81a3391f7b38222) Importer(815301076,1909f56bfc062723c751e8b465ee728b)
Start importing Assets/Prefab/Code.prefab using Guid(0f31e5f3c0798054a81a3391f7b38222) Importer(815301076,1909f56bfc062723c751e8b465ee728b)  -> (artifact id: '0dea71d7550e4f02f1a5907aab2b21fc') in 0.013513 seconds 
  Import took 0.020123 seconds .

========================================================================
Received Import Request.
  Time since last request: 2.235431 seconds.
  path: Assets/Prefab/Code.prefab
  artifactKey: Guid(0f31e5f3c0798054a81a3391f7b38222) Importer(815301076,1909f56bfc062723c751e8b465ee728b)
Start importing Assets/Prefab/Code.prefab using Guid(0f31e5f3c0798054a81a3391f7b38222) Importer(815301076,1909f56bfc062723c751e8b465ee728b)  -> (artifact id: '2ac1fe943edb39e8c23990c80677d397') in 0.017361 seconds 
  Import took 0.052692 seconds .

========================================================================
Received Import Request.
  Time since last request: 5.344115 seconds.
  path: Assets/Prefab/Code.prefab
  artifactKey: Guid(0f31e5f3c0798054a81a3391f7b38222) Importer(815301076,1909f56bfc062723c751e8b465ee728b)
Start importing Assets/Prefab/Code.prefab using Guid(0f31e5f3c0798054a81a3391f7b38222) Importer(815301076,1909f56bfc062723c751e8b465ee728b)  -> (artifact id: '0eb7f3b824801acf767604e64870c55c') in 0.010369 seconds 
  Import took 0.016626 seconds .

========================================================================
Received Import Request.
  Time since last request: 1.392177 seconds.
  path: Assets/Prefab/Code.prefab
  artifactKey: Guid(0f31e5f3c0798054a81a3391f7b38222) Importer(815301076,1909f56bfc062723c751e8b465ee728b)
Start importing Assets/Prefab/Code.prefab using Guid(0f31e5f3c0798054a81a3391f7b38222) Importer(815301076,1909f56bfc062723c751e8b465ee728b)  -> (artifact id: '0438ee5089e5922b3068177d0d6463f1') in 0.013375 seconds 
  Import took 0.019032 seconds .

========================================================================
Received Import Request.
  Time since last request: 2.811213 seconds.
  path: Assets/Prefab/Code.prefab
  artifactKey: Guid(0f31e5f3c0798054a81a3391f7b38222) Importer(815301076,1909f56bfc062723c751e8b465ee728b)
Start importing Assets/Prefab/Code.prefab using Guid(0f31e5f3c0798054a81a3391f7b38222) Importer(815301076,1909f56bfc062723c751e8b465ee728b)  -> (artifact id: '32076553e39663d1427cbbacdadf4b01') in 0.011163 seconds 
  Import took 0.018410 seconds .

========================================================================
Received Import Request.
  Time since last request: 3.054065 seconds.
  path: Assets/Prefab/Code.prefab
  artifactKey: Guid(0f31e5f3c0798054a81a3391f7b38222) Importer(815301076,1909f56bfc062723c751e8b465ee728b)
Start importing Assets/Prefab/Code.prefab using Guid(0f31e5f3c0798054a81a3391f7b38222) Importer(815301076,1909f56bfc062723c751e8b465ee728b)  -> (artifact id: '72f1131839a6c9cbad1a0d9d1c64ee0f') in 0.010688 seconds 
  Import took 0.016412 seconds .

========================================================================
Received Import Request.
  Time since last request: 4.218540 seconds.
  path: Assets/Prefab/Code.prefab
  artifactKey: Guid(0f31e5f3c0798054a81a3391f7b38222) Importer(815301076,1909f56bfc062723c751e8b465ee728b)
Start importing Assets/Prefab/Code.prefab using Guid(0f31e5f3c0798054a81a3391f7b38222) Importer(815301076,1909f56bfc062723c751e8b465ee728b)  -> (artifact id: 'c0582377c23fb2b113c81ef6ca95fd11') in 0.011610 seconds 
  Import took 0.017827 seconds .

========================================================================
Received Prepare
Registering precompiled user dll's ...
Registered in 0.004292 seconds.
Begin MonoManager ReloadAssembly
Native extension for WindowsStandalone target not found
Refreshing native plugins compatible for Editor in 0.85 ms, found 3 plugins.
Preloading 0 native plugins for Editor in 0.00 ms.
Mono: successfully reloaded assembly
- Completed reload, in  1.198 seconds
Domain Reload Profiling:
	ReloadAssembly (1198ms)
		BeginReloadAssembly (124ms)
			ExecutionOrderSort (0ms)
			DisableScriptedObjects (8ms)
			BackupInstance (0ms)
			ReleaseScriptingObjects (0ms)
			CreateAndSetChildDomain (41ms)
		EndReloadAssembly (1010ms)
			LoadAssemblies (97ms)
			RebuildTransferFunctionScriptingTraits (0ms)
			SetupTypeCache (346ms)
			ReleaseScriptCaches (2ms)
			RebuildScriptCaches (49ms)
			SetupLoadedEditorAssemblies (346ms)
				LogAssemblyErrors (0ms)
				InitializePlatformSupportModulesInManaged (4ms)
				SetLoadedEditorAssemblies (0ms)
				RefreshPlugins (1ms)
				BeforeProcessingInitializeOnLoad (103ms)
				ProcessInitializeOnLoadAttributes (228ms)
				ProcessInitializeOnLoadMethodAttributes (7ms)
				AfterProcessingInitializeOnLoad (3ms)
				EditorAssembliesLoaded (0ms)
			ExecutionOrderSort2 (0ms)
			AwakeInstancesAfterBackupRestoration (24ms)
Platform modules already initialized, skipping
Refreshing native plugins compatible for Editor in 1.81 ms, found 3 plugins.
Preloading 0 native plugins for Editor in 0.00 ms.
Unloading 3450 Unused Serialized files (Serialized files now loaded: 0)
System memory in use before: 153.8 MB.
System memory in use after: 154.0 MB.

Unloading 16 unused Assets to reduce memory usage. Loaded Objects now: 4332.
Total: 5.490400 ms (FindLiveObjects: 0.432800 ms CreateObjectMapping: 0.170400 ms MarkObjects: 4.855600 ms  DeleteObjects: 0.029800 ms)

AssetImportParameters requested are different than current active one (requested -> active):
  custom:framework-win-MediaFoundation: 216162199b28c13a410421893ffa2e32 -> 
  custom:video-decoder-ogg-theora: a1e56fd34408186e4bbccfd4996cb3dc -> 
  custom:container-muxer-webm: aa71ff27fc2769a1b78a27578f13a17b -> 
  custom:container-demuxer-webm: 4f35f7cbe854078d1ac9338744f61a02 -> 
  custom:container-demuxer-ogg: 62fdf1f143b41e24485cea50d1cbac27 -> 
  custom:video-encoder-webm-vp8: eb34c28f22e8b96e1ab97ce403110664 -> 
  custom:video-decoder-webm-vp8: 9c59270c3fd7afecdb556c50c9e8de78 -> 
  custom:audio-decoder-ogg-vorbis: bf7c407c2cedff20999df2af8eb42d56 -> 
  custom:audio-encoder-webm-vorbis: bf7c407c2cedff20999df2af8eb42d56 -> 
========================================================================
Received Prepare
Registering precompiled user dll's ...
Registered in 0.004129 seconds.
Begin MonoManager ReloadAssembly
Native extension for WindowsStandalone target not found
Refreshing native plugins compatible for Editor in 1.25 ms, found 3 plugins.
Preloading 0 native plugins for Editor in 0.00 ms.
Mono: successfully reloaded assembly
- Completed reload, in  1.361 seconds
Domain Reload Profiling:
	ReloadAssembly (1361ms)
		BeginReloadAssembly (131ms)
			ExecutionOrderSort (0ms)
			DisableScriptedObjects (7ms)
			BackupInstance (0ms)
			ReleaseScriptingObjects (0ms)
			CreateAndSetChildDomain (40ms)
		EndReloadAssembly (1156ms)
			LoadAssemblies (113ms)
			RebuildTransferFunctionScriptingTraits (0ms)
			SetupTypeCache (361ms)
			ReleaseScriptCaches (2ms)
			RebuildScriptCaches (57ms)
			SetupLoadedEditorAssemblies (441ms)
				LogAssemblyErrors (0ms)
				InitializePlatformSupportModulesInManaged (5ms)
				SetLoadedEditorAssemblies (1ms)
				RefreshPlugins (1ms)
				BeforeProcessingInitializeOnLoad (150ms)
				ProcessInitializeOnLoadAttributes (273ms)
				ProcessInitializeOnLoadMethodAttributes (7ms)
				AfterProcessingInitializeOnLoad (3ms)
				EditorAssembliesLoaded (0ms)
			ExecutionOrderSort2 (0ms)
			AwakeInstancesAfterBackupRestoration (24ms)
Platform modules already initialized, skipping
Refreshing native plugins compatible for Editor in 0.95 ms, found 3 plugins.
Preloading 0 native plugins for Editor in 0.00 ms.
Unloading 3450 Unused Serialized files (Serialized files now loaded: 0)
System memory in use before: 153.8 MB.
System memory in use after: 154.0 MB.

Unloading 16 unused Assets to reduce memory usage. Loaded Objects now: 4335.
Total: 5.904200 ms (FindLiveObjects: 0.394700 ms CreateObjectMapping: 0.093800 ms MarkObjects: 5.385300 ms  DeleteObjects: 0.028600 ms)

AssetImportParameters requested are different than current active one (requested -> active):
  custom:framework-win-MediaFoundation: 216162199b28c13a410421893ffa2e32 -> 
  custom:video-decoder-ogg-theora: a1e56fd34408186e4bbccfd4996cb3dc -> 
  custom:container-muxer-webm: aa71ff27fc2769a1b78a27578f13a17b -> 
  custom:container-demuxer-webm: 4f35f7cbe854078d1ac9338744f61a02 -> 
  custom:container-demuxer-ogg: 62fdf1f143b41e24485cea50d1cbac27 -> 
  custom:video-encoder-webm-vp8: eb34c28f22e8b96e1ab97ce403110664 -> 
  custom:video-decoder-webm-vp8: 9c59270c3fd7afecdb556c50c9e8de78 -> 
  custom:audio-decoder-ogg-vorbis: bf7c407c2cedff20999df2af8eb42d56 -> 
  custom:audio-encoder-webm-vorbis: bf7c407c2cedff20999df2af8eb42d56 -> 
========================================================================
Received Prepare
Registering precompiled user dll's ...
Registered in 0.004162 seconds.
Begin MonoManager ReloadAssembly
Native extension for WindowsStandalone target not found
Refreshing native plugins compatible for Editor in 0.81 ms, found 3 plugins.
Preloading 0 native plugins for Editor in 0.00 ms.
Mono: successfully reloaded assembly
- Completed reload, in  1.216 seconds
Domain Reload Profiling:
	ReloadAssembly (1217ms)
		BeginReloadAssembly (125ms)
			ExecutionOrderSort (0ms)
			DisableScriptedObjects (7ms)
			BackupInstance (0ms)
			ReleaseScriptingObjects (0ms)
			CreateAndSetChildDomain (38ms)
		EndReloadAssembly (1026ms)
			LoadAssemblies (101ms)
			RebuildTransferFunctionScriptingTraits (0ms)
			SetupTypeCache (358ms)
			ReleaseScriptCaches (2ms)
			RebuildScriptCaches (50ms)
			SetupLoadedEditorAssemblies (344ms)
				LogAssemblyErrors (0ms)
				InitializePlatformSupportModulesInManaged (4ms)
				SetLoadedEditorAssemblies (0ms)
				RefreshPlugins (1ms)
				BeforeProcessingInitializeOnLoad (99ms)
				ProcessInitializeOnLoadAttributes (231ms)
				ProcessInitializeOnLoadMethodAttributes (6ms)
				AfterProcessingInitializeOnLoad (3ms)
				EditorAssembliesLoaded (0ms)
			ExecutionOrderSort2 (0ms)
			AwakeInstancesAfterBackupRestoration (23ms)
Platform modules already initialized, skipping
Refreshing native plugins compatible for Editor in 0.96 ms, found 3 plugins.
Preloading 0 native plugins for Editor in 0.00 ms.
Unloading 3450 Unused Serialized files (Serialized files now loaded: 0)
System memory in use before: 153.8 MB.
System memory in use after: 154.0 MB.

Unloading 16 unused Assets to reduce memory usage. Loaded Objects now: 4338.
Total: 4.546800 ms (FindLiveObjects: 0.403200 ms CreateObjectMapping: 0.096100 ms MarkObjects: 4.023900 ms  DeleteObjects: 0.021800 ms)

AssetImportParameters requested are different than current active one (requested -> active):
  custom:framework-win-MediaFoundation: 216162199b28c13a410421893ffa2e32 -> 
  custom:video-decoder-ogg-theora: a1e56fd34408186e4bbccfd4996cb3dc -> 
  custom:container-muxer-webm: aa71ff27fc2769a1b78a27578f13a17b -> 
  custom:container-demuxer-webm: 4f35f7cbe854078d1ac9338744f61a02 -> 
  custom:container-demuxer-ogg: 62fdf1f143b41e24485cea50d1cbac27 -> 
  custom:video-encoder-webm-vp8: eb34c28f22e8b96e1ab97ce403110664 -> 
  custom:video-decoder-webm-vp8: 9c59270c3fd7afecdb556c50c9e8de78 -> 
  custom:audio-decoder-ogg-vorbis: bf7c407c2cedff20999df2af8eb42d56 -> 
  custom:audio-encoder-webm-vorbis: bf7c407c2cedff20999df2af8eb42d56 -> 
AssetImportWorkerClient::OnTransportError - code=2 error=End of file
